2014-10-21 20:04:29 Error: [MissingControllerException] Controller class UserscontrollerController could not be found.
Exception Attributes: array (
  'class' => 'UserscontrollerController',
  'plugin' => NULL,
)
Request URL: /MSEF/noel/MSEF/cakephp-2.5.4/userscontroller
Stack Trace:
#0 /var/www/html/MSEF/noel/MSEF/cakephp-2.5.4/app/webroot/index.php(108): Dispatcher->dispatch(Object(CakeRequest), Object(CakeResponse))
#1 {main}
2014-10-21 20:04:36 Error: [MissingDatasourceConfigException] The datasource configuration "default" was not found in database.php
Exception Attributes: array (
  'config' => 'default',
)
Request URL: /MSEF/noel/MSEF/cakephp-2.5.4/users
Stack Trace:
#0 /var/www/html/MSEF/noel/MSEF/cakephp-2.5.4/lib/Cake/Model/ConnectionManager.php(91): ConnectionManager::_getConnectionObject('default')
#1 /var/www/html/MSEF/noel/MSEF/cakephp-2.5.4/lib/Cake/Model/Model.php(3524): ConnectionManager::getDataSource('default')
#2 /var/www/html/MSEF/noel/MSEF/cakephp-2.5.4/lib/Cake/Model/Model.php(1136): Model->setDataSource('default')
#3 /var/www/html/MSEF/noel/MSEF/cakephp-2.5.4/lib/Cake/Model/Model.php(3551): Model->setSource('users')
#4 /var/www/html/MSEF/noel/MSEF/cakephp-2.5.4/lib/Cake/Model/Model.php(2947): Model->getDataSource()
#5 /var/www/html/MSEF/noel/MSEF/cakephp-2.5.4/lib/Cake/Model/Model.php(2919): Model->_readDataSource('all', Array)
#6 /var/www/html/MSEF/noel/MSEF/cakephp-2.5.4/app/Controller/UsersController.php(7): Model->find('all')
#7 [internal function]: UsersController->index()
#8 /var/www/html/MSEF/noel/MSEF/cakephp-2.5.4/lib/Cake/Controller/Controller.php(490): ReflectionMethod->invokeArgs(Object(UsersController), Array)
#9 /var/www/html/MSEF/noel/MSEF/cakephp-2.5.4/lib/Cake/Routing/Dispatcher.php(191): Controller->invokeAction(Object(CakeRequest))
#10 /var/www/html/MSEF/noel/MSEF/cakephp-2.5.4/lib/Cake/Routing/Dispatcher.php(165): Dispatcher->_invoke(Object(UsersController), Object(CakeRequest))
#11 /var/www/html/MSEF/noel/MSEF/cakephp-2.5.4/app/webroot/index.php(108): Dispatcher->dispatch(Object(CakeRequest), Object(CakeResponse))
#12 {main}
2014-10-23 00:31:29 Error: [MissingControllerException] Controller class PathController could not be found.
Exception Attributes: array (
  'class' => 'PathController',
  'plugin' => NULL,
)
Request URL: /MSEF/noel/MSEF/cakephp-2.5.4/path/to/font-awesome/css/font-awesome.min.css
Stack Trace:
#0 /var/www/html/MSEF/noel/MSEF/cakephp-2.5.4/app/webroot/index.php(108): Dispatcher->dispatch(Object(CakeRequest), Object(CakeResponse))
#1 {main}
2014-10-23 00:31:33 Error: [MissingControllerException] Controller class PathController could not be found.
Exception Attributes: array (
  'class' => 'PathController',
  'plugin' => NULL,
)
Request URL: /MSEF/noel/MSEF/cakephp-2.5.4/path/to/font-awesome/css/font-awesome.min.css
Stack Trace:
#0 /var/www/html/MSEF/noel/MSEF/cakephp-2.5.4/app/webroot/index.php(108): Dispatcher->dispatch(Object(CakeRequest), Object(CakeResponse))
#1 {main}
2014-10-23 01:31:06 Error: [MissingViewException] View file "/var/www/html/MSEF/noel/MSEF/cakephp-2.5.4/app/View/Users/login.ctp" is missing.
Exception Attributes: array (
  'file' => '/var/www/html/MSEF/noel/MSEF/cakephp-2.5.4/app/View/Users/login.ctp',
)
Request URL: /MSEF/noel/MSEF/cakephp-2.5.4/users/login
Stack Trace:
#0 /var/www/html/MSEF/noel/MSEF/cakephp-2.5.4/lib/Cake/View/View.php(468): View->_getViewFileName(NULL)
#1 /var/www/html/MSEF/noel/MSEF/cakephp-2.5.4/lib/Cake/Controller/Controller.php(954): View->render(NULL, NULL)
#2 /var/www/html/MSEF/noel/MSEF/cakephp-2.5.4/lib/Cake/Routing/Dispatcher.php(198): Controller->render()
#3 /var/www/html/MSEF/noel/MSEF/cakephp-2.5.4/lib/Cake/Routing/Dispatcher.php(165): Dispatcher->_invoke(Object(UsersController), Object(CakeRequest))
#4 /var/www/html/MSEF/noel/MSEF/cakephp-2.5.4/app/webroot/index.php(108): Dispatcher->dispatch(Object(CakeRequest), Object(CakeResponse))
#5 {main}
2014-10-23 01:31:06 Error: [MissingControllerException] Controller class CssController could not be found.
Exception Attributes: array (
  'class' => 'CssController',
  'plugin' => NULL,
)
Request URL: /MSEF/noel/MSEF/cakephp-2.5.4/css/cake.generic.css
Stack Trace:
#0 /var/www/html/MSEF/noel/MSEF/cakephp-2.5.4/app/webroot/index.php(108): Dispatcher->dispatch(Object(CakeRequest), Object(CakeResponse))
#1 {main}
2014-10-23 01:52:45 Error: [MissingViewException] View file "/var/www/html/MSEF/noel/MSEF/cakephp-2.5.4/app/View/Users/login.ctp" is missing.
Exception Attributes: array (
  'file' => '/var/www/html/MSEF/noel/MSEF/cakephp-2.5.4/app/View/Users/login.ctp',
)
Request URL: /MSEF/noel/MSEF/cakephp-2.5.4/users/login
Stack Trace:
#0 /var/www/html/MSEF/noel/MSEF/cakephp-2.5.4/lib/Cake/View/View.php(468): View->_getViewFileName(NULL)
#1 /var/www/html/MSEF/noel/MSEF/cakephp-2.5.4/lib/Cake/Controller/Controller.php(954): View->render(NULL, NULL)
#2 /var/www/html/MSEF/noel/MSEF/cakephp-2.5.4/lib/Cake/Routing/Dispatcher.php(198): Controller->render()
#3 /var/www/html/MSEF/noel/MSEF/cakephp-2.5.4/lib/Cake/Routing/Dispatcher.php(165): Dispatcher->_invoke(Object(UsersController), Object(CakeRequest))
#4 /var/www/html/MSEF/noel/MSEF/cakephp-2.5.4/app/webroot/index.php(108): Dispatcher->dispatch(Object(CakeRequest), Object(CakeResponse))
#5 {main}
2014-10-23 01:52:45 Error: [MissingControllerException] Controller class CssController could not be found.
Exception Attributes: array (
  'class' => 'CssController',
  'plugin' => NULL,
)
Request URL: /MSEF/noel/MSEF/cakephp-2.5.4/css/cake.generic.css
Stack Trace:
#0 /var/www/html/MSEF/noel/MSEF/cakephp-2.5.4/app/webroot/index.php(108): Dispatcher->dispatch(Object(CakeRequest), Object(CakeResponse))
#1 {main}
2014-10-23 01:53:19 Error: [MissingControllerException] Controller class CssController could not be found.
Exception Attributes: array (
  'class' => 'CssController',
  'plugin' => NULL,
)
Request URL: /MSEF/noel/MSEF/cakephp-2.5.4/css/cake.generic.css
Stack Trace:
#0 /var/www/html/MSEF/noel/MSEF/cakephp-2.5.4/app/webroot/index.php(108): Dispatcher->dispatch(Object(CakeRequest), Object(CakeResponse))
#1 {main}
2014-10-23 01:56:19 Error: [MissingControllerException] Controller class CssController could not be found.
Exception Attributes: array (
  'class' => 'CssController',
  'plugin' => NULL,
)
Request URL: /MSEF/noel/MSEF/cakephp-2.5.4/css/cake.generic.css
Stack Trace:
#0 /var/www/html/MSEF/noel/MSEF/cakephp-2.5.4/app/webroot/index.php(108): Dispatcher->dispatch(Object(CakeRequest), Object(CakeResponse))
#1 {main}
2014-10-23 01:57:44 Error: [MissingControllerException] Controller class CssController could not be found.
Exception Attributes: array (
  'class' => 'CssController',
  'plugin' => NULL,
)
Request URL: /MSEF/noel/MSEF/cakephp-2.5.4/css/cake.generic.css
Stack Trace:
#0 /var/www/html/MSEF/noel/MSEF/cakephp-2.5.4/app/webroot/index.php(108): Dispatcher->dispatch(Object(CakeRequest), Object(CakeResponse))
#1 {main}
2014-10-23 01:57:57 Error: [MissingControllerException] Controller class CssController could not be found.
Exception Attributes: array (
  'class' => 'CssController',
  'plugin' => NULL,
)
Request URL: /MSEF/noel/MSEF/cakephp-2.5.4/css/cake.generic.css
Stack Trace:
#0 /var/www/html/MSEF/noel/MSEF/cakephp-2.5.4/app/webroot/index.php(108): Dispatcher->dispatch(Object(CakeRequest), Object(CakeResponse))
#1 {main}
2014-10-23 01:58:24 Error: [PDOException] SQLSTATE[23000]: Integrity constraint violation: 1048 Column 'SecurityTypeId' cannot be null
Request URL: /MSEF/noel/MSEF/cakephp-2.5.4/users/add
Stack Trace:
#0 /var/www/html/MSEF/noel/MSEF/cakephp-2.5.4/lib/Cake/Model/Datasource/DboSource.php(458): PDOStatement->execute(Array)
#1 /var/www/html/MSEF/noel/MSEF/cakephp-2.5.4/lib/Cake/Model/Datasource/DboSource.php(424): DboSource->_execute('INSERT INTO `MS...', Array)
#2 /var/www/html/MSEF/noel/MSEF/cakephp-2.5.4/lib/Cake/Model/Datasource/DboSource.php(1012): DboSource->execute('INSERT INTO `MS...')
#3 /var/www/html/MSEF/noel/MSEF/cakephp-2.5.4/lib/Cake/Model/Model.php(1854): DboSource->create(Object(AppModel), Array, Array)
#4 /var/www/html/MSEF/noel/MSEF/cakephp-2.5.4/app/Controller/UsersController.php(25): Model->save(Array)
#5 [internal function]: UsersController->add()
#6 /var/www/html/MSEF/noel/MSEF/cakephp-2.5.4/lib/Cake/Controller/Controller.php(490): ReflectionMethod->invokeArgs(Object(UsersController), Array)
#7 /var/www/html/MSEF/noel/MSEF/cakephp-2.5.4/lib/Cake/Routing/Dispatcher.php(191): Controller->invokeAction(Object(CakeRequest))
#8 /var/www/html/MSEF/noel/MSEF/cakephp-2.5.4/lib/Cake/Routing/Dispatcher.php(165): Dispatcher->_invoke(Object(UsersController), Object(CakeRequest))
#9 /var/www/html/MSEF/noel/MSEF/cakephp-2.5.4/app/webroot/index.php(108): Dispatcher->dispatch(Object(CakeRequest), Object(CakeResponse))
#10 {main}
2014-10-23 01:58:24 Error: [MissingControllerException] Controller class CssController could not be found.
Exception Attributes: array (
  'class' => 'CssController',
  'plugin' => NULL,
)
Request URL: /MSEF/noel/MSEF/cakephp-2.5.4/css/cake.generic.css
Stack Trace:
#0 /var/www/html/MSEF/noel/MSEF/cakephp-2.5.4/app/webroot/index.php(108): Dispatcher->dispatch(Object(CakeRequest), Object(CakeResponse))
#1 {main}
2014-10-23 01:58:35 Error: [MissingControllerException] Controller class CssController could not be found.
Exception Attributes: array (
  'class' => 'CssController',
  'plugin' => NULL,
)
Request URL: /MSEF/noel/MSEF/cakephp-2.5.4/css/cake.generic.css
Stack Trace:
#0 /var/www/html/MSEF/noel/MSEF/cakephp-2.5.4/app/webroot/index.php(108): Dispatcher->dispatch(Object(CakeRequest), Object(CakeResponse))
#1 {main}
2014-10-23 01:58:43 Error: [MissingActionException] Action UsersController::l() could not be found.
Exception Attributes: array (
  'controller' => 'UsersController',
  'action' => 'l',
)
Request URL: /MSEF/noel/MSEF/cakephp-2.5.4/users/l
Stack Trace:
#0 /var/www/html/MSEF/noel/MSEF/cakephp-2.5.4/lib/Cake/Routing/Dispatcher.php(191): Controller->invokeAction(Object(CakeRequest))
#1 /var/www/html/MSEF/noel/MSEF/cakephp-2.5.4/lib/Cake/Routing/Dispatcher.php(165): Dispatcher->_invoke(Object(UsersController), Object(CakeRequest))
#2 /var/www/html/MSEF/noel/MSEF/cakephp-2.5.4/app/webroot/index.php(108): Dispatcher->dispatch(Object(CakeRequest), Object(CakeResponse))
#3 {main}
2014-10-23 01:58:44 Error: [MissingControllerException] Controller class CssController could not be found.
Exception Attributes: array (
  'class' => 'CssController',
  'plugin' => NULL,
)
Request URL: /MSEF/noel/MSEF/cakephp-2.5.4/css/cake.generic.css
Stack Trace:
#0 /var/www/html/MSEF/noel/MSEF/cakephp-2.5.4/app/webroot/index.php(108): Dispatcher->dispatch(Object(CakeRequest), Object(CakeResponse))
#1 {main}
2014-10-23 01:58:48 Error: [MissingControllerException] Controller class CssController could not be found.
Exception Attributes: array (
  'class' => 'CssController',
  'plugin' => NULL,
)
Request URL: /MSEF/noel/MSEF/cakephp-2.5.4/css/cake.generic.css
Stack Trace:
#0 /var/www/html/MSEF/noel/MSEF/cakephp-2.5.4/app/webroot/index.php(108): Dispatcher->dispatch(Object(CakeRequest), Object(CakeResponse))
#1 {main}
2014-10-23 01:58:57 Error: [MissingControllerException] Controller class CssController could not be found.
Exception Attributes: array (
  'class' => 'CssController',
  'plugin' => NULL,
)
Request URL: /MSEF/noel/MSEF/cakephp-2.5.4/css/cake.generic.css
Stack Trace:
#0 /var/www/html/MSEF/noel/MSEF/cakephp-2.5.4/app/webroot/index.php(108): Dispatcher->dispatch(Object(CakeRequest), Object(CakeResponse))
#1 {main}
2014-10-23 01:59:23 Error: [MissingControllerException] Controller class CssController could not be found.
Exception Attributes: array (
  'class' => 'CssController',
  'plugin' => NULL,
)
Request URL: /MSEF/noel/MSEF/cakephp-2.5.4/css/cake.generic.css
Stack Trace:
#0 /var/www/html/MSEF/noel/MSEF/cakephp-2.5.4/app/webroot/index.php(108): Dispatcher->dispatch(Object(CakeRequest), Object(CakeResponse))
#1 {main}
2014-10-23 01:59:28 Error: [MissingControllerException] Controller class CssController could not be found.
Exception Attributes: array (
  'class' => 'CssController',
  'plugin' => NULL,
)
Request URL: /MSEF/noel/MSEF/cakephp-2.5.4/css/cake.generic.css
Stack Trace:
#0 /var/www/html/MSEF/noel/MSEF/cakephp-2.5.4/app/webroot/index.php(108): Dispatcher->dispatch(Object(CakeRequest), Object(CakeResponse))
#1 {main}
2014-10-23 02:00:10 Error: [MissingControllerException] Controller class CssController could not be found.
Exception Attributes: array (
  'class' => 'CssController',
  'plugin' => NULL,
)
Request URL: /MSEF/noel/MSEF/cakephp-2.5.4/css/cake.generic.css
Stack Trace:
#0 /var/www/html/MSEF/noel/MSEF/cakephp-2.5.4/app/webroot/index.php(108): Dispatcher->dispatch(Object(CakeRequest), Object(CakeResponse))
#1 {main}
2014-10-23 02:00:39 Error: [MissingControllerException] Controller class CssController could not be found.
Exception Attributes: array (
  'class' => 'CssController',
  'plugin' => NULL,
)
Request URL: /MSEF/noel/MSEF/cakephp-2.5.4/css/cake.generic.css
Stack Trace:
#0 /var/www/html/MSEF/noel/MSEF/cakephp-2.5.4/app/webroot/index.php(108): Dispatcher->dispatch(Object(CakeRequest), Object(CakeResponse))
#1 {main}
2014-10-23 02:00:45 Error: [MissingControllerException] Controller class CssController could not be found.
Exception Attributes: array (
  'class' => 'CssController',
  'plugin' => NULL,
)
Request URL: /MSEF/noel/MSEF/cakephp-2.5.4/css/cake.generic.css
Stack Trace:
#0 /var/www/html/MSEF/noel/MSEF/cakephp-2.5.4/app/webroot/index.php(108): Dispatcher->dispatch(Object(CakeRequest), Object(CakeResponse))
#1 {main}
2014-10-23 02:01:15 Error: [MissingControllerException] Controller class CssController could not be found.
Exception Attributes: array (
  'class' => 'CssController',
  'plugin' => NULL,
)
Request URL: /MSEF/noel/MSEF/cakephp-2.5.4/css/cake.generic.css
Stack Trace:
#0 /var/www/html/MSEF/noel/MSEF/cakephp-2.5.4/app/webroot/index.php(108): Dispatcher->dispatch(Object(CakeRequest), Object(CakeResponse))
#1 {main}
2014-10-23 02:08:58 Error: [MissingControllerException] Controller class CssController could not be found.
Exception Attributes: array (
  'class' => 'CssController',
  'plugin' => NULL,
)
Request URL: /MSEF/noel/MSEF/cakephp-2.5.4/css/cake.generic.css
Stack Trace:
#0 /var/www/html/MSEF/noel/MSEF/cakephp-2.5.4/app/webroot/index.php(108): Dispatcher->dispatch(Object(CakeRequest), Object(CakeResponse))
#1 {main}
2014-10-23 02:09:01 Error: [MissingControllerException] Controller class CssController could not be found.
Exception Attributes: array (
  'class' => 'CssController',
  'plugin' => NULL,
)
Request URL: /MSEF/noel/MSEF/cakephp-2.5.4/css/cake.generic.css
Stack Trace:
#0 /var/www/html/MSEF/noel/MSEF/cakephp-2.5.4/app/webroot/index.php(108): Dispatcher->dispatch(Object(CakeRequest), Object(CakeResponse))
#1 {main}
2014-10-23 02:09:12 Error: [MissingActionException] Action UsersController::add'() could not be found.
Exception Attributes: array (
  'controller' => 'UsersController',
  'action' => 'add\'',
)
Request URL: /MSEF/noel/MSEF/cakephp-2.5.4/users/add'
Stack Trace:
#0 /var/www/html/MSEF/noel/MSEF/cakephp-2.5.4/lib/Cake/Routing/Dispatcher.php(191): Controller->invokeAction(Object(CakeRequest))
#1 /var/www/html/MSEF/noel/MSEF/cakephp-2.5.4/lib/Cake/Routing/Dispatcher.php(165): Dispatcher->_invoke(Object(UsersController), Object(CakeRequest))
#2 /var/www/html/MSEF/noel/MSEF/cakephp-2.5.4/app/webroot/index.php(108): Dispatcher->dispatch(Object(CakeRequest), Object(CakeResponse))
#3 {main}
2014-10-23 02:09:12 Error: [MissingControllerException] Controller class CssController could not be found.
Exception Attributes: array (
  'class' => 'CssController',
  'plugin' => NULL,
)
Request URL: /MSEF/noel/MSEF/cakephp-2.5.4/css/cake.generic.css
Stack Trace:
#0 /var/www/html/MSEF/noel/MSEF/cakephp-2.5.4/app/webroot/index.php(108): Dispatcher->dispatch(Object(CakeRequest), Object(CakeResponse))
#1 {main}
2014-10-23 02:09:16 Error: [MissingControllerException] Controller class CssController could not be found.
Exception Attributes: array (
  'class' => 'CssController',
  'plugin' => NULL,
)
Request URL: /MSEF/noel/MSEF/cakephp-2.5.4/css/cake.generic.css
Stack Trace:
#0 /var/www/html/MSEF/noel/MSEF/cakephp-2.5.4/app/webroot/index.php(108): Dispatcher->dispatch(Object(CakeRequest), Object(CakeResponse))
#1 {main}
2014-10-23 02:11:43 Error: [PDOException] SQLSTATE[23000]: Integrity constraint violation: 1048 Column 'SecurityTypeId' cannot be null
Request URL: /MSEF/noel/MSEF/cakephp-2.5.4/users/add
Stack Trace:
#0 /var/www/html/MSEF/noel/MSEF/cakephp-2.5.4/lib/Cake/Model/Datasource/DboSource.php(458): PDOStatement->execute(Array)
#1 /var/www/html/MSEF/noel/MSEF/cakephp-2.5.4/lib/Cake/Model/Datasource/DboSource.php(424): DboSource->_execute('INSERT INTO `MS...', Array)
#2 /var/www/html/MSEF/noel/MSEF/cakephp-2.5.4/lib/Cake/Model/Datasource/DboSource.php(1012): DboSource->execute('INSERT INTO `MS...')
#3 /var/www/html/MSEF/noel/MSEF/cakephp-2.5.4/lib/Cake/Model/Model.php(1854): DboSource->create(Object(AppModel), Array, Array)
#4 /var/www/html/MSEF/noel/MSEF/cakephp-2.5.4/app/Controller/UsersController.php(25): Model->save(Array)
#5 [internal function]: UsersController->add()
#6 /var/www/html/MSEF/noel/MSEF/cakephp-2.5.4/lib/Cake/Controller/Controller.php(490): ReflectionMethod->invokeArgs(Object(UsersController), Array)
#7 /var/www/html/MSEF/noel/MSEF/cakephp-2.5.4/lib/Cake/Routing/Dispatcher.php(191): Controller->invokeAction(Object(CakeRequest))
#8 /var/www/html/MSEF/noel/MSEF/cakephp-2.5.4/lib/Cake/Routing/Dispatcher.php(165): Dispatcher->_invoke(Object(UsersController), Object(CakeRequest))
#9 /var/www/html/MSEF/noel/MSEF/cakephp-2.5.4/app/webroot/index.php(108): Dispatcher->dispatch(Object(CakeRequest), Object(CakeResponse))
#10 {main}
2014-10-23 02:11:43 Error: [MissingControllerException] Controller class CssController could not be found.
Exception Attributes: array (
  'class' => 'CssController',
  'plugin' => NULL,
)
Request URL: /MSEF/noel/MSEF/cakephp-2.5.4/css/cake.generic.css
Stack Trace:
#0 /var/www/html/MSEF/noel/MSEF/cakephp-2.5.4/app/webroot/index.php(108): Dispatcher->dispatch(Object(CakeRequest), Object(CakeResponse))
#1 {main}
2014-10-23 02:11:50 Error: [MissingControllerException] Controller class CssController could not be found.
Exception Attributes: array (
  'class' => 'CssController',
  'plugin' => NULL,
)
Request URL: /MSEF/noel/MSEF/cakephp-2.5.4/css/cake.generic.css
Stack Trace:
#0 /var/www/html/MSEF/noel/MSEF/cakephp-2.5.4/app/webroot/index.php(108): Dispatcher->dispatch(Object(CakeRequest), Object(CakeResponse))
#1 {main}
2014-10-23 02:12:00 Error: [MissingControllerException] Controller class CssController could not be found.
Exception Attributes: array (
  'class' => 'CssController',
  'plugin' => NULL,
)
Request URL: /MSEF/noel/MSEF/cakephp-2.5.4/css/cake.generic.css
Stack Trace:
#0 /var/www/html/MSEF/noel/MSEF/cakephp-2.5.4/app/webroot/index.php(108): Dispatcher->dispatch(Object(CakeRequest), Object(CakeResponse))
#1 {main}
2014-10-23 02:12:07 Error: [MissingControllerException] Controller class CssController could not be found.
Exception Attributes: array (
  'class' => 'CssController',
  'plugin' => NULL,
)
Request URL: /MSEF/noel/MSEF/cakephp-2.5.4/css/cake.generic.css
Stack Trace:
#0 /var/www/html/MSEF/noel/MSEF/cakephp-2.5.4/app/webroot/index.php(108): Dispatcher->dispatch(Object(CakeRequest), Object(CakeResponse))
#1 {main}
2014-10-23 02:12:14 Error: [MissingControllerException] Controller class CssController could not be found.
Exception Attributes: array (
  'class' => 'CssController',
  'plugin' => NULL,
)
Request URL: /MSEF/noel/MSEF/cakephp-2.5.4/css/cake.generic.css
Stack Trace:
#0 /var/www/html/MSEF/noel/MSEF/cakephp-2.5.4/app/webroot/index.php(108): Dispatcher->dispatch(Object(CakeRequest), Object(CakeResponse))
#1 {main}
2014-10-23 02:12:30 Error: [MissingControllerException] Controller class CssController could not be found.
Exception Attributes: array (
  'class' => 'CssController',
  'plugin' => NULL,
)
Request URL: /MSEF/noel/MSEF/cakephp-2.5.4/css/cake.generic.css
Stack Trace:
#0 /var/www/html/MSEF/noel/MSEF/cakephp-2.5.4/app/webroot/index.php(108): Dispatcher->dispatch(Object(CakeRequest), Object(CakeResponse))
#1 {main}
2014-10-23 02:12:48 Error: [MissingControllerException] Controller class CssController could not be found.
Exception Attributes: array (
  'class' => 'CssController',
  'plugin' => NULL,
)
Request URL: /MSEF/noel/MSEF/cakephp-2.5.4/css/cake.generic.css
Stack Trace:
#0 /var/www/html/MSEF/noel/MSEF/cakephp-2.5.4/app/webroot/index.php(108): Dispatcher->dispatch(Object(CakeRequest), Object(CakeResponse))
#1 {main}
2014-10-23 02:12:57 Error: [MissingControllerException] Controller class CssController could not be found.
Exception Attributes: array (
  'class' => 'CssController',
  'plugin' => NULL,
)
Request URL: /MSEF/noel/MSEF/cakephp-2.5.4/css/cake.generic.css
Stack Trace:
#0 /var/www/html/MSEF/noel/MSEF/cakephp-2.5.4/app/webroot/index.php(108): Dispatcher->dispatch(Object(CakeRequest), Object(CakeResponse))
#1 {main}
2014-10-23 02:13:02 Error: [MissingControllerException] Controller class CssController could not be found.
Exception Attributes: array (
  'class' => 'CssController',
  'plugin' => NULL,
)
Request URL: /MSEF/noel/MSEF/cakephp-2.5.4/css/cake.generic.css
Stack Trace:
#0 /var/www/html/MSEF/noel/MSEF/cakephp-2.5.4/app/webroot/index.php(108): Dispatcher->dispatch(Object(CakeRequest), Object(CakeResponse))
#1 {main}
2014-10-23 02:13:12 Error: [MissingControllerException] Controller class CssController could not be found.
Exception Attributes: array (
  'class' => 'CssController',
  'plugin' => NULL,
)
Request URL: /MSEF/noel/MSEF/cakephp-2.5.4/css/cake.generic.css
Stack Trace:
#0 /var/www/html/MSEF/noel/MSEF/cakephp-2.5.4/app/webroot/index.php(108): Dispatcher->dispatch(Object(CakeRequest), Object(CakeResponse))
#1 {main}
2014-10-23 18:38:58 Error: [PDOException] SQLSTATE[23000]: Integrity constraint violation: 1048 Column 'SchoolId' cannot be null
Request URL: /MSEF/noel/MSEF/cakephp-2.5.4/users/add
Stack Trace:
#0 /var/www/html/MSEF/noel/MSEF/cakephp-2.5.4/lib/Cake/Model/Datasource/DboSource.php(458): PDOStatement->execute(Array)
#1 /var/www/html/MSEF/noel/MSEF/cakephp-2.5.4/lib/Cake/Model/Datasource/DboSource.php(424): DboSource->_execute('INSERT INTO `MS...', Array)
#2 /var/www/html/MSEF/noel/MSEF/cakephp-2.5.4/lib/Cake/Model/Datasource/DboSource.php(1012): DboSource->execute('INSERT INTO `MS...')
#3 /var/www/html/MSEF/noel/MSEF/cakephp-2.5.4/lib/Cake/Model/Model.php(1854): DboSource->create(Object(AppModel), Array, Array)
#4 /var/www/html/MSEF/noel/MSEF/cakephp-2.5.4/app/Controller/UsersController.php(25): Model->save(Array)
#5 [internal function]: UsersController->add()
#6 /var/www/html/MSEF/noel/MSEF/cakephp-2.5.4/lib/Cake/Controller/Controller.php(490): ReflectionMethod->invokeArgs(Object(UsersController), Array)
#7 /var/www/html/MSEF/noel/MSEF/cakephp-2.5.4/lib/Cake/Routing/Dispatcher.php(191): Controller->invokeAction(Object(CakeRequest))
#8 /var/www/html/MSEF/noel/MSEF/cakephp-2.5.4/lib/Cake/Routing/Dispatcher.php(165): Dispatcher->_invoke(Object(UsersController), Object(CakeRequest))
#9 /var/www/html/MSEF/noel/MSEF/cakephp-2.5.4/app/webroot/index.php(108): Dispatcher->dispatch(Object(CakeRequest), Object(CakeResponse))
#10 {main}
2014-10-23 18:44:36 Error: Fatal Error (64): Cannot redeclare class Users in [/var/www/html/MSEF/noel/MSEF/cakephp-2.5.4/app/Model/User.php, line 26]
2014-10-23 18:44:36 Error: [FatalErrorException] Cannot redeclare class Users
Request URL: /MSEF/noel/MSEF/cakephp-2.5.4/users/add
Stack Trace:
#0 /var/www/html/MSEF/noel/MSEF/cakephp-2.5.4/lib/Cake/Error/ErrorHandler.php(203): ErrorHandler::handleFatalError(64, 'Cannot redeclar...', '/var/www/html/M...', 26)
#1 [internal function]: ErrorHandler::handleError(64, 'Cannot redeclar...', '/var/www/html/M...', 26, Array)
#2 /var/www/html/MSEF/noel/MSEF/cakephp-2.5.4/lib/Cake/Core/App.php(931): call_user_func('ErrorHandler::h...', 64, 'Cannot redeclar...', '/var/www/html/M...', 26, Array)
#3 /var/www/html/MSEF/noel/MSEF/cakephp-2.5.4/lib/Cake/Core/App.php(904): App::_checkFatalError()
#4 [internal function]: App::shutdown()
#5 {main}
2014-10-23 19:01:32 Error: [PDOException] SQLSTATE[23000]: Integrity constraint violation: 1452 Cannot add or update a child row: a foreign key constraint fails (`MSEF`.`users`, CONSTRAINT `users_ibfk_1` FOREIGN KEY (`SchoolId`) REFERENCES `schools` (`Id`))
Request URL: /MSEF/noel/MSEF/cakephp-2.5.4/users/add
Stack Trace:
#0 /var/www/html/MSEF/noel/MSEF/cakephp-2.5.4/lib/Cake/Model/Datasource/DboSource.php(458): PDOStatement->execute(Array)
#1 /var/www/html/MSEF/noel/MSEF/cakephp-2.5.4/lib/Cake/Model/Datasource/DboSource.php(424): DboSource->_execute('INSERT INTO `MS...', Array)
#2 /var/www/html/MSEF/noel/MSEF/cakephp-2.5.4/lib/Cake/Model/Datasource/DboSource.php(1012): DboSource->execute('INSERT INTO `MS...')
#3 /var/www/html/MSEF/noel/MSEF/cakephp-2.5.4/lib/Cake/Model/Model.php(1854): DboSource->create(Object(User), Array, Array)
#4 /var/www/html/MSEF/noel/MSEF/cakephp-2.5.4/app/Controller/UsersController.php(25): Model->save(Array)
#5 [internal function]: UsersController->add()
#6 /var/www/html/MSEF/noel/MSEF/cakephp-2.5.4/lib/Cake/Controller/Controller.php(490): ReflectionMethod->invokeArgs(Object(UsersController), Array)
#7 /var/www/html/MSEF/noel/MSEF/cakephp-2.5.4/lib/Cake/Routing/Dispatcher.php(191): Controller->invokeAction(Object(CakeRequest))
#8 /var/www/html/MSEF/noel/MSEF/cakephp-2.5.4/lib/Cake/Routing/Dispatcher.php(165): Dispatcher->_invoke(Object(UsersController), Object(CakeRequest))
#9 /var/www/html/MSEF/noel/MSEF/cakephp-2.5.4/app/webroot/index.php(108): Dispatcher->dispatch(Object(CakeRequest), Object(CakeResponse))
#10 {main}
2014-10-23 19:03:04 Error: [MissingControllerException] Controller class PostsController could not be found.
Exception Attributes: array (
  'class' => 'PostsController',
  'plugin' => NULL,
)
Request URL: /MSEF/noel/MSEF/cakephp-2.5.4/posts
Stack Trace:
#0 /var/www/html/MSEF/noel/MSEF/cakephp-2.5.4/app/webroot/index.php(108): Dispatcher->dispatch(Object(CakeRequest), Object(CakeResponse))
#1 {main}
2014-10-23 19:41:56 Error: [MissingControllerException] Controller class PostsController could not be found.
Exception Attributes: array (
  'class' => 'PostsController',
  'plugin' => NULL,
)
Request URL: /MSEF/noel/MSEF/cakephp-2.5.4/posts
Stack Trace:
#0 /var/www/html/MSEF/noel/MSEF/cakephp-2.5.4/app/webroot/index.php(108): Dispatcher->dispatch(Object(CakeRequest), Object(CakeResponse))
#1 {main}
2014-10-23 19:43:00 Error: [MissingActionException] Action UsersController::s() could not be found.
Exception Attributes: array (
  'controller' => 'UsersController',
  'action' => 's',
)
Request URL: /MSEF/noel/MSEF/cakephp-2.5.4/users/s
Stack Trace:
#0 /var/www/html/MSEF/noel/MSEF/cakephp-2.5.4/lib/Cake/Routing/Dispatcher.php(191): Controller->invokeAction(Object(CakeRequest))
#1 /var/www/html/MSEF/noel/MSEF/cakephp-2.5.4/lib/Cake/Routing/Dispatcher.php(165): Dispatcher->_invoke(Object(UsersController), Object(CakeRequest))
#2 /var/www/html/MSEF/noel/MSEF/cakephp-2.5.4/app/webroot/index.php(108): Dispatcher->dispatch(Object(CakeRequest), Object(CakeResponse))
#3 {main}
2014-10-23 19:46:08 Error: [PDOException] SQLSTATE[42S02]: Base table or view not found: 1146 Table 'MSEF.events' doesn't exist
Request URL: /MSEF/noel/MSEF/cakephp-2.5.4/events
Stack Trace:
#0 /var/www/html/MSEF/noel/MSEF/cakephp-2.5.4/lib/Cake/Model/Datasource/DboSource.php(458): PDOStatement->execute(Array)
#1 /var/www/html/MSEF/noel/MSEF/cakephp-2.5.4/lib/Cake/Model/Datasource/Database/Mysql.php(339): DboSource->_execute('SHOW FULL COLUM...')
#2 /var/www/html/MSEF/noel/MSEF/cakephp-2.5.4/lib/Cake/Model/Model.php(1372): Mysql->describe(Object(Event))
#3 /var/www/html/MSEF/noel/MSEF/cakephp-2.5.4/lib/Cake/Model/Datasource/DboSource.php(2491): Model->schema()
#4 /var/www/html/MSEF/noel/MSEF/cakephp-2.5.4/lib/Cake/Model/Datasource/DboSource.php(1054): DboSource->fields(Object(Event))
#5 /var/www/html/MSEF/noel/MSEF/cakephp-2.5.4/lib/Cake/Model/Model.php(2947): DboSource->read(Object(Event), Array)
#6 /var/www/html/MSEF/noel/MSEF/cakephp-2.5.4/lib/Cake/Model/Model.php(2919): Model->_readDataSource('all', Array)
#7 /var/www/html/MSEF/noel/MSEF/cakephp-2.5.4/app/Controller/EventsController.php(7): Model->find('all')
#8 [internal function]: EventsController->index()
#9 /var/www/html/MSEF/noel/MSEF/cakephp-2.5.4/lib/Cake/Controller/Controller.php(490): ReflectionMethod->invokeArgs(Object(EventsController), Array)
#10 /var/www/html/MSEF/noel/MSEF/cakephp-2.5.4/lib/Cake/Routing/Dispatcher.php(191): Controller->invokeAction(Object(CakeRequest))
#11 /var/www/html/MSEF/noel/MSEF/cakephp-2.5.4/lib/Cake/Routing/Dispatcher.php(165): Dispatcher->_invoke(Object(EventsController), Object(CakeRequest))
#12 /var/www/html/MSEF/noel/MSEF/cakephp-2.5.4/app/webroot/index.php(108): Dispatcher->dispatch(Object(CakeRequest), Object(CakeResponse))
#13 {main}
2014-10-23 19:46:30 Error: [PDOException] SQLSTATE[42S02]: Base table or view not found: 1146 Table 'MSEF.events' doesn't exist
Request URL: /MSEF/noel/MSEF/cakephp-2.5.4/events
Stack Trace:
#0 /var/www/html/MSEF/noel/MSEF/cakephp-2.5.4/lib/Cake/Model/Datasource/DboSource.php(458): PDOStatement->execute(Array)
#1 /var/www/html/MSEF/noel/MSEF/cakephp-2.5.4/lib/Cake/Model/Datasource/Database/Mysql.php(339): DboSource->_execute('SHOW FULL COLUM...')
#2 /var/www/html/MSEF/noel/MSEF/cakephp-2.5.4/lib/Cake/Model/Model.php(1372): Mysql->describe(Object(Event))
#3 /var/www/html/MSEF/noel/MSEF/cakephp-2.5.4/lib/Cake/Model/Datasource/DboSource.php(2491): Model->schema()
#4 /var/www/html/MSEF/noel/MSEF/cakephp-2.5.4/lib/Cake/Model/Datasource/DboSource.php(1054): DboSource->fields(Object(Event))
#5 /var/www/html/MSEF/noel/MSEF/cakephp-2.5.4/lib/Cake/Model/Model.php(2947): DboSource->read(Object(Event), Array)
#6 /var/www/html/MSEF/noel/MSEF/cakephp-2.5.4/lib/Cake/Model/Model.php(2919): Model->_readDataSource('all', Array)
#7 /var/www/html/MSEF/noel/MSEF/cakephp-2.5.4/app/Controller/EventsController.php(7): Model->find('all')
#8 [internal function]: EventsController->index()
#9 /var/www/html/MSEF/noel/MSEF/cakephp-2.5.4/lib/Cake/Controller/Controller.php(490): ReflectionMethod->invokeArgs(Object(EventsController), Array)
#10 /var/www/html/MSEF/noel/MSEF/cakephp-2.5.4/lib/Cake/Routing/Dispatcher.php(191): Controller->invokeAction(Object(CakeRequest))
#11 /var/www/html/MSEF/noel/MSEF/cakephp-2.5.4/lib/Cake/Routing/Dispatcher.php(165): Dispatcher->_invoke(Object(EventsController), Object(CakeRequest))
#12 /var/www/html/MSEF/noel/MSEF/cakephp-2.5.4/app/webroot/index.php(108): Dispatcher->dispatch(Object(CakeRequest), Object(CakeResponse))
#13 {main}
2014-10-23 19:52:25 Error: [PDOException] SQLSTATE[42S02]: Base table or view not found: 1146 Table 'MSEF.events' doesn't exist
Request URL: /MSEF/noel/MSEF/cakephp-2.5.4/events
Stack Trace:
#0 /var/www/html/MSEF/noel/MSEF/cakephp-2.5.4/lib/Cake/Model/Datasource/DboSource.php(458): PDOStatement->execute(Array)
#1 /var/www/html/MSEF/noel/MSEF/cakephp-2.5.4/lib/Cake/Model/Datasource/Database/Mysql.php(339): DboSource->_execute('SHOW FULL COLUM...')
#2 /var/www/html/MSEF/noel/MSEF/cakephp-2.5.4/lib/Cake/Model/Model.php(1372): Mysql->describe(Object(Event))
#3 /var/www/html/MSEF/noel/MSEF/cakephp-2.5.4/lib/Cake/Model/Datasource/DboSource.php(2491): Model->schema()
#4 /var/www/html/MSEF/noel/MSEF/cakephp-2.5.4/lib/Cake/Model/Datasource/DboSource.php(1054): DboSource->fields(Object(Event))
#5 /var/www/html/MSEF/noel/MSEF/cakephp-2.5.4/lib/Cake/Model/Model.php(2947): DboSource->read(Object(Event), Array)
#6 /var/www/html/MSEF/noel/MSEF/cakephp-2.5.4/lib/Cake/Model/Model.php(2919): Model->_readDataSource('all', Array)
#7 /var/www/html/MSEF/noel/MSEF/cakephp-2.5.4/app/Controller/EventsController.php(7): Model->find('all')
#8 [internal function]: EventsController->index()
#9 /var/www/html/MSEF/noel/MSEF/cakephp-2.5.4/lib/Cake/Controller/Controller.php(490): ReflectionMethod->invokeArgs(Object(EventsController), Array)
#10 /var/www/html/MSEF/noel/MSEF/cakephp-2.5.4/lib/Cake/Routing/Dispatcher.php(191): Controller->invokeAction(Object(CakeRequest))
#11 /var/www/html/MSEF/noel/MSEF/cakephp-2.5.4/lib/Cake/Routing/Dispatcher.php(165): Dispatcher->_invoke(Object(EventsController), Object(CakeRequest))
#12 /var/www/html/MSEF/noel/MSEF/cakephp-2.5.4/app/webroot/index.php(108): Dispatcher->dispatch(Object(CakeRequest), Object(CakeResponse))
#13 {main}
2014-10-23 19:56:17 Error: [PDOException] SQLSTATE[42S02]: Base table or view not found: 1146 Table 'MSEF.events' doesn't exist
Request URL: /MSEF/noel/MSEF/cakephp-2.5.4/events
Stack Trace:
#0 /var/www/html/MSEF/noel/MSEF/cakephp-2.5.4/lib/Cake/Model/Datasource/DboSource.php(458): PDOStatement->execute(Array)
#1 /var/www/html/MSEF/noel/MSEF/cakephp-2.5.4/lib/Cake/Model/Datasource/Database/Mysql.php(339): DboSource->_execute('SHOW FULL COLUM...')
#2 /var/www/html/MSEF/noel/MSEF/cakephp-2.5.4/lib/Cake/Model/Model.php(1372): Mysql->describe(Object(Event))
#3 /var/www/html/MSEF/noel/MSEF/cakephp-2.5.4/lib/Cake/Model/Datasource/DboSource.php(2491): Model->schema()
#4 /var/www/html/MSEF/noel/MSEF/cakephp-2.5.4/lib/Cake/Model/Datasource/DboSource.php(1054): DboSource->fields(Object(Event))
#5 /var/www/html/MSEF/noel/MSEF/cakephp-2.5.4/lib/Cake/Model/Model.php(2947): DboSource->read(Object(Event), Array)
#6 /var/www/html/MSEF/noel/MSEF/cakephp-2.5.4/lib/Cake/Model/Model.php(2919): Model->_readDataSource('all', Array)
#7 /var/www/html/MSEF/noel/MSEF/cakephp-2.5.4/app/Controller/EventsController.php(7): Model->find('all')
#8 [internal function]: EventsController->index()
#9 /var/www/html/MSEF/noel/MSEF/cakephp-2.5.4/lib/Cake/Controller/Controller.php(490): ReflectionMethod->invokeArgs(Object(EventsController), Array)
#10 /var/www/html/MSEF/noel/MSEF/cakephp-2.5.4/lib/Cake/Routing/Dispatcher.php(191): Controller->invokeAction(Object(CakeRequest))
#11 /var/www/html/MSEF/noel/MSEF/cakephp-2.5.4/lib/Cake/Routing/Dispatcher.php(165): Dispatcher->_invoke(Object(EventsController), Object(CakeRequest))
#12 /var/www/html/MSEF/noel/MSEF/cakephp-2.5.4/app/webroot/index.php(108): Dispatcher->dispatch(Object(CakeRequest), Object(CakeResponse))
#13 {main}
2014-10-23 19:58:46 Error: [MissingViewException] View file "/var/www/html/MSEF/noel/MSEF/cakephp-2.5.4/app/View/Events/add.ctp" is missing.
Exception Attributes: array (
  'file' => '/var/www/html/MSEF/noel/MSEF/cakephp-2.5.4/app/View/Events/add.ctp',
)
Request URL: /MSEF/noel/MSEF/cakephp-2.5.4/events/add
Stack Trace:
#0 /var/www/html/MSEF/noel/MSEF/cakephp-2.5.4/lib/Cake/View/View.php(468): View->_getViewFileName(NULL)
#1 /var/www/html/MSEF/noel/MSEF/cakephp-2.5.4/lib/Cake/Controller/Controller.php(954): View->render(NULL, NULL)
#2 /var/www/html/MSEF/noel/MSEF/cakephp-2.5.4/lib/Cake/Routing/Dispatcher.php(198): Controller->render()
#3 /var/www/html/MSEF/noel/MSEF/cakephp-2.5.4/lib/Cake/Routing/Dispatcher.php(165): Dispatcher->_invoke(Object(EventsController), Object(CakeRequest))
#4 /var/www/html/MSEF/noel/MSEF/cakephp-2.5.4/app/webroot/index.php(108): Dispatcher->dispatch(Object(CakeRequest), Object(CakeResponse))
#5 {main}
2014-10-23 20:22:35 Error: [MissingViewException] View file "/var/www/html/MSEF/noel/MSEF/cakephp-2.5.4/app/View/Events/edit.ctp" is missing.
Exception Attributes: array (
  'file' => '/var/www/html/MSEF/noel/MSEF/cakephp-2.5.4/app/View/Events/edit.ctp',
)
Request URL: /MSEF/noel/MSEF/cakephp-2.5.4/events/edit/1
Stack Trace:
#0 /var/www/html/MSEF/noel/MSEF/cakephp-2.5.4/lib/Cake/View/View.php(468): View->_getViewFileName(NULL)
#1 /var/www/html/MSEF/noel/MSEF/cakephp-2.5.4/lib/Cake/Controller/Controller.php(954): View->render(NULL, NULL)
#2 /var/www/html/MSEF/noel/MSEF/cakephp-2.5.4/lib/Cake/Routing/Dispatcher.php(198): Controller->render()
#3 /var/www/html/MSEF/noel/MSEF/cakephp-2.5.4/lib/Cake/Routing/Dispatcher.php(165): Dispatcher->_invoke(Object(EventsController), Object(CakeRequest))
#4 /var/www/html/MSEF/noel/MSEF/cakephp-2.5.4/app/webroot/index.php(108): Dispatcher->dispatch(Object(CakeRequest), Object(CakeResponse))
#5 {main}
2014-10-28 18:37:38 Error: [MissingControllerException] Controller class AwardController could not be found.
Exception Attributes: array (
  'class' => 'AwardController',
  'plugin' => NULL,
)
Request URL: /MSEF/noel/MSEF/cakephp-2.5.4/award
Stack Trace:
#0 /var/www/html/MSEF/noel/MSEF/cakephp-2.5.4/app/webroot/index.php(108): Dispatcher->dispatch(Object(CakeRequest), Object(CakeResponse))
#1 {main}
2014-10-28 18:38:22 Error: [MissingControllerException] Controller class FormController could not be found.
Exception Attributes: array (
  'class' => 'FormController',
  'plugin' => NULL,
)
Request URL: /MSEF/noel/MSEF/cakephp-2.5.4/form
Stack Trace:
#0 /var/www/html/MSEF/noel/MSEF/cakephp-2.5.4/app/webroot/index.php(108): Dispatcher->dispatch(Object(CakeRequest), Object(CakeResponse))
#1 {main}
2014-10-28 22:42:24 Error: [MissingActionException] Action EventsController::ecit() could not be found.
Exception Attributes: array (
  'controller' => 'EventsController',
  'action' => 'ecit',
)
Request URL: /MSEF/noel/MSEF/cakephp-2.5.4/events/ecit/1
Stack Trace:
#0 /var/www/html/MSEF/noel/MSEF/cakephp-2.5.4/lib/Cake/Routing/Dispatcher.php(191): Controller->invokeAction(Object(CakeRequest))
#1 /var/www/html/MSEF/noel/MSEF/cakephp-2.5.4/lib/Cake/Routing/Dispatcher.php(165): Dispatcher->_invoke(Object(EventsController), Object(CakeRequest))
#2 /var/www/html/MSEF/noel/MSEF/cakephp-2.5.4/app/webroot/index.php(108): Dispatcher->dispatch(Object(CakeRequest), Object(CakeResponse))
#3 {main}
2014-10-28 22:45:34 Error: [MissingActionException] Action EventsController::ecit() could not be found.
Exception Attributes: array (
  'controller' => 'EventsController',
  'action' => 'ecit',
)
Request URL: /MSEF/noel/MSEF/cakephp-2.5.4/events/ecit/1
Stack Trace:
#0 /var/www/html/MSEF/noel/MSEF/cakephp-2.5.4/lib/Cake/Routing/Dispatcher.php(191): Controller->invokeAction(Object(CakeRequest))
#1 /var/www/html/MSEF/noel/MSEF/cakephp-2.5.4/lib/Cake/Routing/Dispatcher.php(165): Dispatcher->_invoke(Object(EventsController), Object(CakeRequest))
#2 /var/www/html/MSEF/noel/MSEF/cakephp-2.5.4/app/webroot/index.php(108): Dispatcher->dispatch(Object(CakeRequest), Object(CakeResponse))
#3 {main}
2014-10-28 22:53:16 Error: [MissingActionException] Action EventsController::home() could not be found.
Exception Attributes: array (
  'controller' => 'EventsController',
  'action' => 'home',
)
Request URL: /MSEF/noel/MSEF/cakephp-2.5.4/events/home
Stack Trace:
#0 /var/www/html/MSEF/noel/MSEF/cakephp-2.5.4/lib/Cake/Routing/Dispatcher.php(191): Controller->invokeAction(Object(CakeRequest))
#1 /var/www/html/MSEF/noel/MSEF/cakephp-2.5.4/lib/Cake/Routing/Dispatcher.php(165): Dispatcher->_invoke(Object(EventsController), Object(CakeRequest))
#2 /var/www/html/MSEF/noel/MSEF/cakephp-2.5.4/app/webroot/index.php(108): Dispatcher->dispatch(Object(CakeRequest), Object(CakeResponse))
#3 {main}
2014-10-28 22:55:44 Error: [NotFoundException] Invalid event
Request URL: /MSEF/noel/MSEF/cakephp-2.5.4/events/edit/q
Stack Trace:
#0 [internal function]: EventsController->edit('q')
#1 /var/www/html/MSEF/noel/MSEF/cakephp-2.5.4/lib/Cake/Controller/Controller.php(490): ReflectionMethod->invokeArgs(Object(EventsController), Array)
#2 /var/www/html/MSEF/noel/MSEF/cakephp-2.5.4/lib/Cake/Routing/Dispatcher.php(191): Controller->invokeAction(Object(CakeRequest))
#3 /var/www/html/MSEF/noel/MSEF/cakephp-2.5.4/lib/Cake/Routing/Dispatcher.php(165): Dispatcher->_invoke(Object(EventsController), Object(CakeRequest))
#4 /var/www/html/MSEF/noel/MSEF/cakephp-2.5.4/app/webroot/index.php(108): Dispatcher->dispatch(Object(CakeRequest), Object(CakeResponse))
#5 {main}
2014-10-28 22:56:46 Error: [PDOException] SQLSTATE[23000]: Integrity constraint violation: 1062 Duplicate entry '1' for key 'PRIMARY'
Request URL: /MSEF/noel/MSEF/cakephp-2.5.4/events/edit/1
Stack Trace:
#0 /var/www/html/MSEF/noel/MSEF/cakephp-2.5.4/lib/Cake/Model/Datasource/DboSource.php(458): PDOStatement->execute(Array)
#1 /var/www/html/MSEF/noel/MSEF/cakephp-2.5.4/lib/Cake/Model/Datasource/DboSource.php(424): DboSource->_execute('INSERT INTO `MS...', Array)
#2 /var/www/html/MSEF/noel/MSEF/cakephp-2.5.4/lib/Cake/Model/Datasource/DboSource.php(1012): DboSource->execute('INSERT INTO `MS...')
#3 /var/www/html/MSEF/noel/MSEF/cakephp-2.5.4/lib/Cake/Model/Model.php(1854): DboSource->create(Object(Event), Array, Array)
#4 /var/www/html/MSEF/noel/MSEF/cakephp-2.5.4/app/Controller/EventsController.php(45): Model->save(Array)
#5 [internal function]: EventsController->edit('1')
#6 /var/www/html/MSEF/noel/MSEF/cakephp-2.5.4/lib/Cake/Controller/Controller.php(490): ReflectionMethod->invokeArgs(Object(EventsController), Array)
#7 /var/www/html/MSEF/noel/MSEF/cakephp-2.5.4/lib/Cake/Routing/Dispatcher.php(191): Controller->invokeAction(Object(CakeRequest))
#8 /var/www/html/MSEF/noel/MSEF/cakephp-2.5.4/lib/Cake/Routing/Dispatcher.php(165): Dispatcher->_invoke(Object(EventsController), Object(CakeRequest))
#9 /var/www/html/MSEF/noel/MSEF/cakephp-2.5.4/app/webroot/index.php(108): Dispatcher->dispatch(Object(CakeRequest), Object(CakeResponse))
#10 {main}
2014-10-28 22:57:54 Error: [PDOException] SQLSTATE[23000]: Integrity constraint violation: 1062 Duplicate entry '1' for key 'PRIMARY'
Request URL: /MSEF/noel/MSEF/cakephp-2.5.4/events/edit/1
Stack Trace:
#0 /var/www/html/MSEF/noel/MSEF/cakephp-2.5.4/lib/Cake/Model/Datasource/DboSource.php(458): PDOStatement->execute(Array)
#1 /var/www/html/MSEF/noel/MSEF/cakephp-2.5.4/lib/Cake/Model/Datasource/DboSource.php(424): DboSource->_execute('INSERT INTO `MS...', Array)
#2 /var/www/html/MSEF/noel/MSEF/cakephp-2.5.4/lib/Cake/Model/Datasource/DboSource.php(1012): DboSource->execute('INSERT INTO `MS...')
#3 /var/www/html/MSEF/noel/MSEF/cakephp-2.5.4/lib/Cake/Model/Model.php(1854): DboSource->create(Object(Event), Array, Array)
#4 /var/www/html/MSEF/noel/MSEF/cakephp-2.5.4/app/Controller/EventsController.php(45): Model->save(Array)
#5 [internal function]: EventsController->edit('1')
#6 /var/www/html/MSEF/noel/MSEF/cakephp-2.5.4/lib/Cake/Controller/Controller.php(490): ReflectionMethod->invokeArgs(Object(EventsController), Array)
#7 /var/www/html/MSEF/noel/MSEF/cakephp-2.5.4/lib/Cake/Routing/Dispatcher.php(191): Controller->invokeAction(Object(CakeRequest))
#8 /var/www/html/MSEF/noel/MSEF/cakephp-2.5.4/lib/Cake/Routing/Dispatcher.php(165): Dispatcher->_invoke(Object(EventsController), Object(CakeRequest))
#9 /var/www/html/MSEF/noel/MSEF/cakephp-2.5.4/app/webroot/index.php(108): Dispatcher->dispatch(Object(CakeRequest), Object(CakeResponse))
#10 {main}
2014-10-28 23:07:41 Error: [MissingControllerException] Controller class AwardController could not be found.
Exception Attributes: array (
  'class' => 'AwardController',
  'plugin' => NULL,
)
Request URL: /MSEF/noel/MSEF/cakephp-2.5.4/award/add
Stack Trace:
#0 /var/www/html/MSEF/noel/MSEF/cakephp-2.5.4/app/webroot/index.php(108): Dispatcher->dispatch(Object(CakeRequest), Object(CakeResponse))
#1 {main}
2014-10-28 23:07:48 Error: [PDOException] SQLSTATE[42S02]: Base table or view not found: 1146 Table 'MSEF.awards' doesn't exist
Request URL: /MSEF/noel/MSEF/cakephp-2.5.4/awards
Stack Trace:
#0 /var/www/html/MSEF/noel/MSEF/cakephp-2.5.4/lib/Cake/Model/Datasource/DboSource.php(458): PDOStatement->execute(Array)
#1 /var/www/html/MSEF/noel/MSEF/cakephp-2.5.4/lib/Cake/Model/Datasource/Database/Mysql.php(339): DboSource->_execute('SHOW FULL COLUM...')
#2 /var/www/html/MSEF/noel/MSEF/cakephp-2.5.4/lib/Cake/Model/Model.php(1372): Mysql->describe(Object(Award))
#3 /var/www/html/MSEF/noel/MSEF/cakephp-2.5.4/lib/Cake/Model/Datasource/DboSource.php(2491): Model->schema()
#4 /var/www/html/MSEF/noel/MSEF/cakephp-2.5.4/lib/Cake/Model/Datasource/DboSource.php(1054): DboSource->fields(Object(Award))
#5 /var/www/html/MSEF/noel/MSEF/cakephp-2.5.4/lib/Cake/Model/Model.php(2947): DboSource->read(Object(Award), Array)
#6 /var/www/html/MSEF/noel/MSEF/cakephp-2.5.4/lib/Cake/Model/Model.php(2919): Model->_readDataSource('all', Array)
#7 /var/www/html/MSEF/noel/MSEF/cakephp-2.5.4/app/Controller/AwardsController.php(7): Model->find('all')
#8 [internal function]: AwardsController->index()
#9 /var/www/html/MSEF/noel/MSEF/cakephp-2.5.4/lib/Cake/Controller/Controller.php(490): ReflectionMethod->invokeArgs(Object(AwardsController), Array)
#10 /var/www/html/MSEF/noel/MSEF/cakephp-2.5.4/lib/Cake/Routing/Dispatcher.php(191): Controller->invokeAction(Object(CakeRequest))
#11 /var/www/html/MSEF/noel/MSEF/cakephp-2.5.4/lib/Cake/Routing/Dispatcher.php(165): Dispatcher->_invoke(Object(AwardsController), Object(CakeRequest))
#12 /var/www/html/MSEF/noel/MSEF/cakephp-2.5.4/app/webroot/index.php(108): Dispatcher->dispatch(Object(CakeRequest), Object(CakeResponse))
#13 {main}
2014-10-28 23:07:59 Error: [MissingControllerException] Controller class AwardController could not be found.
Exception Attributes: array (
  'class' => 'AwardController',
  'plugin' => NULL,
)
Request URL: /MSEF/noel/MSEF/cakephp-2.5.4/award
Stack Trace:
#0 /var/www/html/MSEF/noel/MSEF/cakephp-2.5.4/app/webroot/index.php(108): Dispatcher->dispatch(Object(CakeRequest), Object(CakeResponse))
#1 {main}
2014-10-28 23:08:03 Error: [PDOException] SQLSTATE[42S02]: Base table or view not found: 1146 Table 'MSEF.awards' doesn't exist
Request URL: /MSEF/noel/MSEF/cakephp-2.5.4/awards
Stack Trace:
#0 /var/www/html/MSEF/noel/MSEF/cakephp-2.5.4/lib/Cake/Model/Datasource/DboSource.php(458): PDOStatement->execute(Array)
#1 /var/www/html/MSEF/noel/MSEF/cakephp-2.5.4/lib/Cake/Model/Datasource/Database/Mysql.php(339): DboSource->_execute('SHOW FULL COLUM...')
#2 /var/www/html/MSEF/noel/MSEF/cakephp-2.5.4/lib/Cake/Model/Model.php(1372): Mysql->describe(Object(Award))
#3 /var/www/html/MSEF/noel/MSEF/cakephp-2.5.4/lib/Cake/Model/Datasource/DboSource.php(2491): Model->schema()
#4 /var/www/html/MSEF/noel/MSEF/cakephp-2.5.4/lib/Cake/Model/Datasource/DboSource.php(1054): DboSource->fields(Object(Award))
#5 /var/www/html/MSEF/noel/MSEF/cakephp-2.5.4/lib/Cake/Model/Model.php(2947): DboSource->read(Object(Award), Array)
#6 /var/www/html/MSEF/noel/MSEF/cakephp-2.5.4/lib/Cake/Model/Model.php(2919): Model->_readDataSource('all', Array)
#7 /var/www/html/MSEF/noel/MSEF/cakephp-2.5.4/app/Controller/AwardsController.php(7): Model->find('all')
#8 [internal function]: AwardsController->index()
#9 /var/www/html/MSEF/noel/MSEF/cakephp-2.5.4/lib/Cake/Controller/Controller.php(490): ReflectionMethod->invokeArgs(Object(AwardsController), Array)
#10 /var/www/html/MSEF/noel/MSEF/cakephp-2.5.4/lib/Cake/Routing/Dispatcher.php(191): Controller->invokeAction(Object(CakeRequest))
#11 /var/www/html/MSEF/noel/MSEF/cakephp-2.5.4/lib/Cake/Routing/Dispatcher.php(165): Dispatcher->_invoke(Object(AwardsController), Object(CakeRequest))
#12 /var/www/html/MSEF/noel/MSEF/cakephp-2.5.4/app/webroot/index.php(108): Dispatcher->dispatch(Object(CakeRequest), Object(CakeResponse))
#13 {main}
2014-10-28 23:18:31 Error: [PDOException] SQLSTATE[23000]: Integrity constraint violation: 1062 Duplicate entry '2' for key 'PRIMARY'
Request URL: /MSEF/noel/MSEF/cakephp-2.5.4/awards/edit/2
Stack Trace:
#0 /var/www/html/MSEF/noel/MSEF/cakephp-2.5.4/lib/Cake/Model/Datasource/DboSource.php(458): PDOStatement->execute(Array)
#1 /var/www/html/MSEF/noel/MSEF/cakephp-2.5.4/lib/Cake/Model/Datasource/DboSource.php(424): DboSource->_execute('INSERT INTO `MS...', Array)
#2 /var/www/html/MSEF/noel/MSEF/cakephp-2.5.4/lib/Cake/Model/Datasource/DboSource.php(1012): DboSource->execute('INSERT INTO `MS...')
#3 /var/www/html/MSEF/noel/MSEF/cakephp-2.5.4/lib/Cake/Model/Model.php(1854): DboSource->create(Object(Award), Array, Array)
#4 /var/www/html/MSEF/noel/MSEF/cakephp-2.5.4/app/Controller/AwardsController.php(45): Model->save(Array)
#5 [internal function]: AwardsController->edit('2')
#6 /var/www/html/MSEF/noel/MSEF/cakephp-2.5.4/lib/Cake/Controller/Controller.php(490): ReflectionMethod->invokeArgs(Object(AwardsController), Array)
#7 /var/www/html/MSEF/noel/MSEF/cakephp-2.5.4/lib/Cake/Routing/Dispatcher.php(191): Controller->invokeAction(Object(CakeRequest))
#8 /var/www/html/MSEF/noel/MSEF/cakephp-2.5.4/lib/Cake/Routing/Dispatcher.php(165): Dispatcher->_invoke(Object(AwardsController), Object(CakeRequest))
#9 /var/www/html/MSEF/noel/MSEF/cakephp-2.5.4/app/webroot/index.php(108): Dispatcher->dispatch(Object(CakeRequest), Object(CakeResponse))
#10 {main}
2014-11-04 05:03:02 Error: [MissingControllerException] Controller class PostsController could not be found.
Exception Attributes: array (
  'class' => 'PostsController',
  'plugin' => NULL,
)
Request URL: /MSEF/noel/MSEF/cakephp-2.5.4/posts
Stack Trace:
#0 /var/www/html/MSEF/noel/MSEF/cakephp-2.5.4/app/webroot/index.php(108): Dispatcher->dispatch(Object(CakeRequest), Object(CakeResponse))
#1 {main}
2014-11-04 05:03:51 Error: [MissingControllerException] Controller class PostsController could not be found.
Exception Attributes: array (
  'class' => 'PostsController',
  'plugin' => NULL,
)
Request URL: /MSEF/noel/MSEF/cakephp-2.5.4/posts
Stack Trace:
#0 /var/www/html/MSEF/noel/MSEF/cakephp-2.5.4/app/webroot/index.php(108): Dispatcher->dispatch(Object(CakeRequest), Object(CakeResponse))
#1 {main}
2014-11-06 01:09:37 Error: [MissingControllerException] Controller class MSEFController could not be found.
Exception Attributes: array (
  'class' => 'MSEFController',
  'plugin' => NULL,
)
Request URL: /MSEF/noel/MSEF/cakephp-2.5.4/MSEF/noel/MSEF/cakephp-2.5.4/events
Stack Trace:
#0 /var/www/html/MSEF/noel/MSEF/cakephp-2.5.4/app/webroot/index.php(108): Dispatcher->dispatch(Object(CakeRequest), Object(CakeResponse))
#1 {main}
2014-11-06 01:10:09 Error: [MissingControllerException] Controller class MSEFController could not be found.
Exception Attributes: array (
  'class' => 'MSEFController',
  'plugin' => NULL,
)
Request URL: /MSEF/noel/MSEF/cakephp-2.5.4/MSEF/noel/MSEF/cakephp-2.5.4/events
Stack Trace:
#0 /var/www/html/MSEF/noel/MSEF/cakephp-2.5.4/app/webroot/index.php(108): Dispatcher->dispatch(Object(CakeRequest), Object(CakeResponse))
#1 {main}
2014-11-06 01:10:15 Error: [MissingControllerException] Controller class MSEFController could not be found.
Exception Attributes: array (
  'class' => 'MSEFController',
  'plugin' => NULL,
)
Request URL: /MSEF/noel/MSEF/cakephp-2.5.4/MSEF/noel/MSEF/cakephp-2.5.4/events
Stack Trace:
#0 /var/www/html/MSEF/noel/MSEF/cakephp-2.5.4/app/webroot/index.php(108): Dispatcher->dispatch(Object(CakeRequest), Object(CakeResponse))
#1 {main}
2014-11-06 01:10:17 Error: [MissingControllerException] Controller class MSEFController could not be found.
Exception Attributes: array (
  'class' => 'MSEFController',
  'plugin' => NULL,
)
Request URL: /MSEF/noel/MSEF/cakephp-2.5.4/MSEF/noel/MSEF/cakephp-2.5.4/events
Stack Trace:
#0 /var/www/html/MSEF/noel/MSEF/cakephp-2.5.4/app/webroot/index.php(108): Dispatcher->dispatch(Object(CakeRequest), Object(CakeResponse))
#1 {main}
2014-11-06 01:11:11 Error: [MissingControllerException] Controller class MSEFController could not be found.
Exception Attributes: array (
  'class' => 'MSEFController',
  'plugin' => NULL,
)
Request URL: /MSEF/noel/MSEF/cakephp-2.5.4/MSEF/users/logout
Stack Trace:
#0 /var/www/html/MSEF/noel/MSEF/cakephp-2.5.4/app/webroot/index.php(108): Dispatcher->dispatch(Object(CakeRequest), Object(CakeResponse))
#1 {main}
2014-11-10 01:41:48 Error: [MissingControllerException] Controller class MSEFController could not be found.
Exception Attributes: array (
  'class' => 'MSEFController',
  'plugin' => NULL,
)
Request URL: /MSEF/noel/MSEF/cakephp-2.5.4/MSEF/noel/MSEF/cakephp-2.5.4/events
Stack Trace:
#0 /var/www/html/MSEF/noel/MSEF/cakephp-2.5.4/app/webroot/index.php(108): Dispatcher->dispatch(Object(CakeRequest), Object(CakeResponse))
#1 {main}
2014-11-10 01:41:53 Error: [MissingControllerException] Controller class MSEFController could not be found.
Exception Attributes: array (
  'class' => 'MSEFController',
  'plugin' => NULL,
)
Request URL: /MSEF/noel/MSEF/cakephp-2.5.4/MSEF/noel/MSEF/cakephp-2.5.4/events
Stack Trace:
#0 /var/www/html/MSEF/noel/MSEF/cakephp-2.5.4/app/webroot/index.php(108): Dispatcher->dispatch(Object(CakeRequest), Object(CakeResponse))
#1 {main}
2014-11-10 01:42:03 Error: [MissingControllerException] Controller class MSEFController could not be found.
Exception Attributes: array (
  'class' => 'MSEFController',
  'plugin' => NULL,
)
Request URL: /MSEF/noel/MSEF/cakephp-2.5.4/MSEF/
Stack Trace:
#0 /var/www/html/MSEF/noel/MSEF/cakephp-2.5.4/app/webroot/index.php(108): Dispatcher->dispatch(Object(CakeRequest), Object(CakeResponse))
#1 {main}
2014-11-10 01:42:05 Error: [MissingControllerException] Controller class MSEFController could not be found.
Exception Attributes: array (
  'class' => 'MSEFController',
  'plugin' => NULL,
)
Request URL: /MSEF/noel/MSEF/cakephp-2.5.4/MSEF/
Stack Trace:
#0 /var/www/html/MSEF/noel/MSEF/cakephp-2.5.4/app/webroot/index.php(108): Dispatcher->dispatch(Object(CakeRequest), Object(CakeResponse))
#1 {main}
2014-11-10 01:42:07 Error: [MissingControllerException] Controller class MSEFController could not be found.
Exception Attributes: array (
  'class' => 'MSEFController',
  'plugin' => NULL,
)
Request URL: /MSEF/noel/MSEF/cakephp-2.5.4/MSEF/
Stack Trace:
#0 /var/www/html/MSEF/noel/MSEF/cakephp-2.5.4/app/webroot/index.php(108): Dispatcher->dispatch(Object(CakeRequest), Object(CakeResponse))
#1 {main}
2014-11-11 00:39:05 Error: Fatal Error (1): Call to a member function isCurrent() on a non-object in [/var/www/html/MSEF/noel/MSEF/cakephp-2.5.4/app/Controller/UsersController.php, line 93]
2014-11-11 00:39:05 Error: [FatalErrorException] Call to a member function isCurrent() on a non-object
Request URL: /MSEF/noel/MSEF/cakephp-2.5.4/users/edit/20
Stack Trace:
#0 /var/www/html/MSEF/noel/MSEF/cakephp-2.5.4/lib/Cake/Error/ErrorHandler.php(203): ErrorHandler::handleFatalError(1, 'Call to a membe...', '/var/www/html/M...', 93)
#1 [internal function]: ErrorHandler::handleError(1, 'Call to a membe...', '/var/www/html/M...', 93, Array)
#2 /var/www/html/MSEF/noel/MSEF/cakephp-2.5.4/lib/Cake/Core/App.php(931): call_user_func('ErrorHandler::h...', 1, 'Call to a membe...', '/var/www/html/M...', 93, Array)
#3 /var/www/html/MSEF/noel/MSEF/cakephp-2.5.4/lib/Cake/Core/App.php(904): App::_checkFatalError()
#4 [internal function]: App::shutdown()
#5 {main}
2014-11-11 00:39:15 Error: Fatal Error (1): Call to a member function isCurrent() on a non-object in [/var/www/html/MSEF/noel/MSEF/cakephp-2.5.4/app/Controller/UsersController.php, line 93]
2014-11-11 00:39:15 Error: [FatalErrorException] Call to a member function isCurrent() on a non-object
Request URL: /MSEF/noel/MSEF/cakephp-2.5.4/users/edit/16
Stack Trace:
#0 /var/www/html/MSEF/noel/MSEF/cakephp-2.5.4/lib/Cake/Error/ErrorHandler.php(203): ErrorHandler::handleFatalError(1, 'Call to a membe...', '/var/www/html/M...', 93)
#1 [internal function]: ErrorHandler::handleError(1, 'Call to a membe...', '/var/www/html/M...', 93, Array)
#2 /var/www/html/MSEF/noel/MSEF/cakephp-2.5.4/lib/Cake/Core/App.php(931): call_user_func('ErrorHandler::h...', 1, 'Call to a membe...', '/var/www/html/M...', 93, Array)
#3 /var/www/html/MSEF/noel/MSEF/cakephp-2.5.4/lib/Cake/Core/App.php(904): App::_checkFatalError()
#4 [internal function]: App::shutdown()
#5 {main}
2014-11-11 00:39:23 Error: Fatal Error (1): Call to a member function isCurrent() on a non-object in [/var/www/html/MSEF/noel/MSEF/cakephp-2.5.4/app/Controller/UsersController.php, line 93]
2014-11-11 00:39:23 Error: [FatalErrorException] Call to a member function isCurrent() on a non-object
Request URL: /MSEF/noel/MSEF/cakephp-2.5.4/users/edit/3
Stack Trace:
#0 /var/www/html/MSEF/noel/MSEF/cakephp-2.5.4/lib/Cake/Error/ErrorHandler.php(203): ErrorHandler::handleFatalError(1, 'Call to a membe...', '/var/www/html/M...', 93)
#1 [internal function]: ErrorHandler::handleError(1, 'Call to a membe...', '/var/www/html/M...', 93, Array)
#2 /var/www/html/MSEF/noel/MSEF/cakephp-2.5.4/lib/Cake/Core/App.php(931): call_user_func('ErrorHandler::h...', 1, 'Call to a membe...', '/var/www/html/M...', 93, Array)
#3 /var/www/html/MSEF/noel/MSEF/cakephp-2.5.4/lib/Cake/Core/App.php(904): App::_checkFatalError()
#4 [internal function]: App::shutdown()
#5 {main}
2014-11-11 00:45:04 Error: Fatal Error (1): Call to a member function isCurrent() on a non-object in [/var/www/html/MSEF/noel/MSEF/cakephp-2.5.4/app/Controller/UsersController.php, line 93]
2014-11-11 00:45:04 Error: [FatalErrorException] Call to a member function isCurrent() on a non-object
Request URL: /MSEF/noel/MSEF/cakephp-2.5.4/users/edit/20
Stack Trace:
#0 /var/www/html/MSEF/noel/MSEF/cakephp-2.5.4/lib/Cake/Error/ErrorHandler.php(203): ErrorHandler::handleFatalError(1, 'Call to a membe...', '/var/www/html/M...', 93)
#1 [internal function]: ErrorHandler::handleError(1, 'Call to a membe...', '/var/www/html/M...', 93, Array)
#2 /var/www/html/MSEF/noel/MSEF/cakephp-2.5.4/lib/Cake/Core/App.php(931): call_user_func('ErrorHandler::h...', 1, 'Call to a membe...', '/var/www/html/M...', 93, Array)
#3 /var/www/html/MSEF/noel/MSEF/cakephp-2.5.4/lib/Cake/Core/App.php(904): App::_checkFatalError()
#4 [internal function]: App::shutdown()
#5 {main}
2014-11-11 00:51:23 Error: Fatal Error (1): Call to a member function isCurrent() on a non-object in [/var/www/html/MSEF/noel/MSEF/cakephp-2.5.4/app/Controller/UsersController.php, line 89]
2014-11-11 00:51:23 Error: [FatalErrorException] Call to a member function isCurrent() on a non-object
Request URL: /MSEF/noel/MSEF/cakephp-2.5.4/users/edit/20
Stack Trace:
#0 /var/www/html/MSEF/noel/MSEF/cakephp-2.5.4/lib/Cake/Error/ErrorHandler.php(203): ErrorHandler::handleFatalError(1, 'Call to a membe...', '/var/www/html/M...', 89)
#1 [internal function]: ErrorHandler::handleError(1, 'Call to a membe...', '/var/www/html/M...', 89, Array)
#2 /var/www/html/MSEF/noel/MSEF/cakephp-2.5.4/lib/Cake/Core/App.php(931): call_user_func('ErrorHandler::h...', 1, 'Call to a membe...', '/var/www/html/M...', 89, Array)
#3 /var/www/html/MSEF/noel/MSEF/cakephp-2.5.4/lib/Cake/Core/App.php(904): App::_checkFatalError()
#4 [internal function]: App::shutdown()
#5 {main}
